<?xml version="1.0" encoding="UTF-8"?>
<!-- Generated by org.testng.reporters.JUnitXMLReporter -->
<testsuite hostname="LAPTOP-J5R2FQMB" name="Default test" tests="3" failures="0" timestamp="2 Dec 2020 13:12:43 GMT" time="90.285" errors="0">
  <testcase name="IndianArmysiteLaunch" time="15.791" classname="TestNGClass.TestNG_01"/>
  <testcase name="IndianArmyRegistrationLaunch" time="60.598" classname="TestNGClass.TestNG_01"/>
  <testcase name="IndianArmyUserValidation" time="13.801" classname="TestNGClass.TestNG_01"/>
</testsuite> <!-- Default test -->
