<?xml version="1.0" encoding="UTF-8"?>
<testng-results skipped="0" failed="1" total="1" passed="0">
  <reporter-output>
  </reporter-output>
  <suite name="Default suite" duration-ms="2504" started-at="2021-01-29T11:24:56Z" finished-at="2021-01-29T11:24:58Z">
    <groups>
    </groups>
    <test name="Default test" duration-ms="2504" started-at="2021-01-29T11:24:56Z" finished-at="2021-01-29T11:24:58Z">
      <class name="TestNGClass.DB_TestNG">
        <test-method status="FAIL" signature="DataBaseJunction()[pri:0, instance:TestNGClass.DB_TestNG@13deb50e]" name="DataBaseJunction" duration-ms="2392" started-at="2021-01-29T16:54:56Z" description="Check the DB connection" finished-at="2021-01-29T16:54:58Z">
          <exception class="java.sql.SQLRecoverableException">
            <message>
              <![CDATA[IO Error: Invalid number format for port number]]>
            </message>
            <full-stacktrace>
              <![CDATA[java.sql.SQLRecoverableException: IO Error: Invalid number format for port number
	at oracle.jdbc.driver.T4CConnection.logon(T4CConnection.java:858)
	at oracle.jdbc.driver.PhysicalConnection.connect(PhysicalConnection.java:793)
	at oracle.jdbc.driver.T4CDriverExtension.getConnection(T4CDriverExtension.java:57)
	at oracle.jdbc.driver.OracleDriver.connect(OracleDriver.java:747)
	at oracle.jdbc.driver.OracleDriver.connect(OracleDriver.java:562)
	at java.sql.DriverManager.getConnection(Unknown Source)
	at java.sql.DriverManager.getConnection(Unknown Source)
	at TestUtilities.DBConnectivity.jdbcdatabaseresult(DBConnectivity.java:20)
	at TestNGClass.DB_TestNG.DataBaseJunction(DB_TestNG.java:17)
	at sun.reflect.NativeMethodAccessorImpl.invoke0(Native Method)
	at sun.reflect.NativeMethodAccessorImpl.invoke(Unknown Source)
	at sun.reflect.DelegatingMethodAccessorImpl.invoke(Unknown Source)
	at java.lang.reflect.Method.invoke(Unknown Source)
	at org.testng.internal.MethodInvocationHelper.invokeMethod(MethodInvocationHelper.java:84)
	at org.testng.internal.Invoker.invokeMethod(Invoker.java:714)
	at org.testng.internal.Invoker.invokeTestMethod(Invoker.java:901)
	at org.testng.internal.Invoker.invokeTestMethods(Invoker.java:1231)
	at org.testng.internal.TestMethodWorker.invokeTestMethods(TestMethodWorker.java:127)
	at org.testng.internal.TestMethodWorker.run(TestMethodWorker.java:111)
	at org.testng.TestRunner.privateRun(TestRunner.java:767)
	at org.testng.TestRunner.run(TestRunner.java:617)
	at org.testng.SuiteRunner.runTest(SuiteRunner.java:334)
	at org.testng.SuiteRunner.runSequentially(SuiteRunner.java:329)
	at org.testng.SuiteRunner.privateRun(SuiteRunner.java:291)
	at org.testng.SuiteRunner.run(SuiteRunner.java:240)
	at org.testng.SuiteRunnerWorker.runSuite(SuiteRunnerWorker.java:52)
	at org.testng.SuiteRunnerWorker.run(SuiteRunnerWorker.java:86)
	at org.testng.TestNG.runSuitesSequentially(TestNG.java:1224)
	at org.testng.TestNG.runSuitesLocally(TestNG.java:1149)
	at org.testng.TestNG.run(TestNG.java:1057)
	at org.testng.remote.AbstractRemoteTestNG.run(AbstractRemoteTestNG.java:115)
	at org.testng.remote.RemoteTestNG.initAndRun(RemoteTestNG.java:251)
	at org.testng.remote.RemoteTestNG.main(RemoteTestNG.java:77)
Caused by: oracle.net.ns.NetException: Invalid number format for port number
	at oracle.net.resolver.HostnameNamingAdapter.resolve(HostnameNamingAdapter.java:207)
	at oracle.net.resolver.NameResolver.resolveName(NameResolver.java:143)
	at oracle.net.resolver.AddrResolution.resolveAndExecute(AddrResolution.java:510)
	at oracle.net.ns.NSProtocol.establishConnection(NSProtocol.java:682)
	at oracle.net.ns.NSProtocol.connect(NSProtocol.java:309)
	at oracle.jdbc.driver.T4CConnection.connect(T4CConnection.java:1600)
	at oracle.jdbc.driver.T4CConnection.logon(T4CConnection.java:591)
	... 32 more
]]>
            </full-stacktrace>
          </exception> <!-- java.sql.SQLRecoverableException -->
          <reporter-output>
          </reporter-output>
        </test-method> <!-- DataBaseJunction -->
        <test-method status="PASS" signature="afterClass()[pri:0, instance:TestNGClass.DB_TestNG@13deb50e]" name="afterClass" is-config="true" duration-ms="6" started-at="2021-01-29T16:54:58Z" finished-at="2021-01-29T16:54:58Z">
          <reporter-output>
          </reporter-output>
        </test-method> <!-- afterClass -->
      </class> <!-- TestNGClass.DB_TestNG -->
    </test> <!-- Default test -->
  </suite> <!-- Default suite -->
</testng-results>
