<?xml version="1.0" encoding="UTF-8"?>
<!-- Generated by org.testng.reporters.JUnitXMLReporter -->
<testsuite hostname="LAPTOP-J5R2FQMB" name="testngTest" tests="3" failures="0" timestamp="27 Dec 2020 08:42:25 GMT" time="54.639" errors="0">
  <testcase name="IndianArmysiteLaunch" time="13.018" classname="TestNGClass.TestNG_01"/>
  <testcase name="IndianArmyRegistrationLaunch" time="29.303" classname="TestNGClass.TestNG_01"/>
  <testcase name="IndianArmyUserValidation" time="12.247" classname="TestNGClass.TestNG_01"/>
</testsuite> <!-- testngTest -->
